<?xml version="1.0" encoding="UTF-8"?>
<robot generator="Robot 5.0.1 (Python 3.10.12 on win32)" generated="20240703 09:50:33.025" rpa="false" schemaversion="3">
<suite id="s1" name="vinted homePage python method" source="c:\Users\yalci\IdeaProjects\RobotFramwork\Tests\vinted_homePage_python_method.robot">
<test id="s1-t1" name="Test Vinted Home Page with Pyton Method" line="15">
<kw name="Open Vinted Website" library="vinted_keywords">
<status status="PASS" starttime="20240703 09:50:36.015" endtime="20240703 09:50:38.593"/>
</kw>
<kw name="Close Cookie" library="vinted_keywords">
<status status="PASS" starttime="20240703 09:50:38.593" endtime="20240703 09:50:40.903"/>
</kw>
<kw name="Verify Vinted Text Is Visible" library="vinted_keywords">
<status status="PASS" starttime="20240703 09:50:40.908" endtime="20240703 09:50:40.995"/>
</kw>
<kw name="Enter In The Search" library="vinted_keywords">
<arg>${produit}</arg>
<status status="PASS" starttime="20240703 09:50:41.010" endtime="20240703 09:50:48.000"/>
</kw>
<status status="PASS" starttime="20240703 09:50:35.965" endtime="20240703 09:50:48.164"/>
</test>
<status status="PASS" starttime="20240703 09:50:33.044" endtime="20240703 09:50:48.475"/>
</suite>
<statistics>
<total>
<stat pass="1" fail="0" skip="0">All Tests</stat>
</total>
<tag>
</tag>
<suite>
<stat pass="1" fail="0" skip="0" id="s1" name="vinted homePage python method">vinted homePage python method</stat>
</suite>
</statistics>
<errors>
</errors>
</robot>
